This is pdfTeX, Version 3.14159265-2.6-1.40.20 (TeX Live 2019/Arch Linux) (preloaded format=pdflatex 2019.12.21)  23 DEC 2019 09:50
entering extended mode
 restricted \write18 enabled.
 file:line:error style messages enabled.
 %&-line parsing enabled.
**proj2.tex
(./proj2.tex
LaTeX2e <2019-10-01> patch level 1

! LaTeX Error: File `aa.cls' not found.

Type X to quit or <RETURN> to proceed,
or enter new name. (Default extension: cls)

Enter file name: 
./proj2.tex:17: Emergency stop.
<read *> 
         
l.17 ^^M
        
*** (cannot \read from terminal in nonstop modes)

 
Here is how much of TeX's memory you used:
 10 strings out of 492167
 171 string characters out of 6131557
 59016 words of memory out of 5000000
 4472 multiletter control sequences out of 15000+600000
 3640 words of font info for 14 fonts, out of 8000000 for 9000
 1141 hyphenation exceptions out of 8191
 11i,0n,8p,84b,10s stack positions out of 5000i,500n,10000p,200000b,80000s
./proj2.tex:17:  ==> Fatal error occurred, no output PDF file produced!
